[2015-10-03 13:51:35] production.ERROR: exception 'RuntimeException' with message 'No supported encrypter found. The cipher and / or key length are invalid.' in C:\xampp\htdocs\e-class-record\vendor\laravel\framework\src\Illuminate\Encryption\EncryptionServiceProvider.php:29
Stack trace:
#0 C:\xampp\htdocs\e-class-record\vendor\laravel\framework\src\Illuminate\Container\Container.php(733): Illuminate\Encryption\EncryptionServiceProvider->Illuminate\Encryption\{closure}(Object(Illuminate\Foundation\Application), Array)
#1 C:\xampp\htdocs\e-class-record\vendor\laravel\framework\src\Illuminate\Container\Container.php(626): Illuminate\Container\Container->build(Object(Closure), Array)
#2 C:\xampp\htdocs\e-class-record\vendor\laravel\framework\src\Illuminate\Foundation\Application.php(674): Illuminate\Container\Container->make('encrypter', Array)
#3 C:\xampp\htdocs\e-class-record\vendor\laravel\framework\src\Illuminate\Container\Container.php(837): Illuminate\Foundation\Application->make('Illuminate\\Cont...')
#4 C:\xampp\htdocs\e-class-record\vendor\laravel\framework\src\Illuminate\Container\Container.php(800): Illuminate\Container\Container->resolveClass(Object(ReflectionParameter))
#5 C:\xampp\htdocs\e-class-record\vendor\laravel\framework\src\Illuminate\Container\Container.php(771): Illuminate\Container\Container->getDependencies(Array, Array)
#6 C:\xampp\htdocs\e-class-record\vendor\laravel\framework\src\Illuminate\Container\Container.php(626): Illuminate\Container\Container->build('App\\Http\\Middle...', Array)
#7 C:\xampp\htdocs\e-class-record\vendor\laravel\framework\src\Illuminate\Foundation\Application.php(674): Illuminate\Container\Container->make('App\\Http\\Middle...', Array)
#8 C:\xampp\htdocs\e-class-record\vendor\laravel\framework\src\Illuminate\Pipeline\Pipeline.php(123): Illuminate\Foundation\Application->make('App\\Http\\Middle...')
#9 C:\xampp\htdocs\e-class-record\vendor\laravel\framework\src\Illuminate\Foundation\Http\Middleware\CheckForMaintenanceMode.php(42): Illuminate\Pipeline\Pipeline->Illuminate\Pipeline\{closure}(Object(Illuminate\Http\Request))
#10 [internal function]: Illuminate\Foundation\Http\Middleware\CheckForMaintenanceMode->handle(Object(Illuminate\Http\Request), Object(Closure))
#11 C:\xampp\htdocs\e-class-record\vendor\laravel\framework\src\Illuminate\Pipeline\Pipeline.php(124): call_user_func_array(Array, Array)
#12 [internal function]: Illuminate\Pipeline\Pipeline->Illuminate\Pipeline\{closure}(Object(Illuminate\Http\Request))
#13 C:\xampp\htdocs\e-class-record\vendor\laravel\framework\src\Illuminate\Pipeline\Pipeline.php(103): call_user_func(Object(Closure), Object(Illuminate\Http\Request))
#14 C:\xampp\htdocs\e-class-record\vendor\laravel\framework\src\Illuminate\Foundation\Http\Kernel.php(122): Illuminate\Pipeline\Pipeline->then(Object(Closure))
#15 C:\xampp\htdocs\e-class-record\vendor\laravel\framework\src\Illuminate\Foundation\Http\Kernel.php(87): Illuminate\Foundation\Http\Kernel->sendRequestThroughRouter(Object(Illuminate\Http\Request))
#16 C:\xampp\htdocs\e-class-record\public\index.php(54): Illuminate\Foundation\Http\Kernel->handle(Object(Illuminate\Http\Request))
#17 {main}  
[2015-10-03 13:51:35] production.ERROR: exception 'RuntimeException' with message 'No supported encrypter found. The cipher and / or key length are invalid.' in C:\xampp\htdocs\e-class-record\vendor\laravel\framework\src\Illuminate\Encryption\EncryptionServiceProvider.php:29
Stack trace:
#0 C:\xampp\htdocs\e-class-record\vendor\laravel\framework\src\Illuminate\Container\Container.php(733): Illuminate\Encryption\EncryptionServiceProvider->Illuminate\Encryption\{closure}(Object(Illuminate\Foundation\Application), Array)
#1 C:\xampp\htdocs\e-class-record\vendor\laravel\framework\src\Illuminate\Container\Container.php(626): Illuminate\Container\Container->build(Object(Closure), Array)
#2 C:\xampp\htdocs\e-class-record\vendor\laravel\framework\src\Illuminate\Foundation\Application.php(674): Illuminate\Container\Container->make('encrypter', Array)
#3 C:\xampp\htdocs\e-class-record\vendor\laravel\framework\src\Illuminate\Container\Container.php(837): Illuminate\Foundation\Application->make('Illuminate\\Cont...')
#4 C:\xampp\htdocs\e-class-record\vendor\laravel\framework\src\Illuminate\Container\Container.php(800): Illuminate\Container\Container->resolveClass(Object(ReflectionParameter))
#5 C:\xampp\htdocs\e-class-record\vendor\laravel\framework\src\Illuminate\Container\Container.php(771): Illuminate\Container\Container->getDependencies(Array, Array)
#6 C:\xampp\htdocs\e-class-record\vendor\laravel\framework\src\Illuminate\Container\Container.php(626): Illuminate\Container\Container->build('App\\Http\\Middle...', Array)
#7 C:\xampp\htdocs\e-class-record\vendor\laravel\framework\src\Illuminate\Foundation\Application.php(674): Illuminate\Container\Container->make('App\\Http\\Middle...', Array)
#8 C:\xampp\htdocs\e-class-record\vendor\laravel\framework\src\Illuminate\Foundation\Http\Kernel.php(142): Illuminate\Foundation\Application->make('App\\Http\\Middle...')
#9 C:\xampp\htdocs\e-class-record\public\index.php(58): Illuminate\Foundation\Http\Kernel->terminate(Object(Illuminate\Http\Request), Object(Illuminate\Http\Response))
#10 {main}  
[2015-10-03 13:52:52] production.ERROR: exception 'RuntimeException' with message 'No supported encrypter found. The cipher and / or key length are invalid.' in C:\xampp\htdocs\e-class-record\vendor\laravel\framework\src\Illuminate\Encryption\EncryptionServiceProvider.php:29
Stack trace:
#0 C:\xampp\htdocs\e-class-record\vendor\laravel\framework\src\Illuminate\Container\Container.php(733): Illuminate\Encryption\EncryptionServiceProvider->Illuminate\Encryption\{closure}(Object(Illuminate\Foundation\Application), Array)
#1 C:\xampp\htdocs\e-class-record\vendor\laravel\framework\src\Illuminate\Container\Container.php(626): Illuminate\Container\Container->build(Object(Closure), Array)
#2 C:\xampp\htdocs\e-class-record\vendor\laravel\framework\src\Illuminate\Foundation\Application.php(674): Illuminate\Container\Container->make('encrypter', Array)
#3 C:\xampp\htdocs\e-class-record\vendor\laravel\framework\src\Illuminate\Container\Container.php(837): Illuminate\Foundation\Application->make('Illuminate\\Cont...')
#4 C:\xampp\htdocs\e-class-record\vendor\laravel\framework\src\Illuminate\Container\Container.php(800): Illuminate\Container\Container->resolveClass(Object(ReflectionParameter))
#5 C:\xampp\htdocs\e-class-record\vendor\laravel\framework\src\Illuminate\Container\Container.php(771): Illuminate\Container\Container->getDependencies(Array, Array)
#6 C:\xampp\htdocs\e-class-record\vendor\laravel\framework\src\Illuminate\Container\Container.php(626): Illuminate\Container\Container->build('App\\Http\\Middle...', Array)
#7 C:\xampp\htdocs\e-class-record\vendor\laravel\framework\src\Illuminate\Foundation\Application.php(674): Illuminate\Container\Container->make('App\\Http\\Middle...', Array)
#8 C:\xampp\htdocs\e-class-record\vendor\laravel\framework\src\Illuminate\Pipeline\Pipeline.php(123): Illuminate\Foundation\Application->make('App\\Http\\Middle...')
#9 C:\xampp\htdocs\e-class-record\vendor\laravel\framework\src\Illuminate\Foundation\Http\Middleware\CheckForMaintenanceMode.php(42): Illuminate\Pipeline\Pipeline->Illuminate\Pipeline\{closure}(Object(Illuminate\Http\Request))
#10 [internal function]: Illuminate\Foundation\Http\Middleware\CheckForMaintenanceMode->handle(Object(Illuminate\Http\Request), Object(Closure))
#11 C:\xampp\htdocs\e-class-record\vendor\laravel\framework\src\Illuminate\Pipeline\Pipeline.php(124): call_user_func_array(Array, Array)
#12 [internal function]: Illuminate\Pipeline\Pipeline->Illuminate\Pipeline\{closure}(Object(Illuminate\Http\Request))
#13 C:\xampp\htdocs\e-class-record\vendor\laravel\framework\src\Illuminate\Pipeline\Pipeline.php(103): call_user_func(Object(Closure), Object(Illuminate\Http\Request))
#14 C:\xampp\htdocs\e-class-record\vendor\laravel\framework\src\Illuminate\Foundation\Http\Kernel.php(122): Illuminate\Pipeline\Pipeline->then(Object(Closure))
#15 C:\xampp\htdocs\e-class-record\vendor\laravel\framework\src\Illuminate\Foundation\Http\Kernel.php(87): Illuminate\Foundation\Http\Kernel->sendRequestThroughRouter(Object(Illuminate\Http\Request))
#16 C:\xampp\htdocs\e-class-record\public\index.php(54): Illuminate\Foundation\Http\Kernel->handle(Object(Illuminate\Http\Request))
#17 {main}  
[2015-10-03 13:52:52] production.ERROR: exception 'RuntimeException' with message 'No supported encrypter found. The cipher and / or key length are invalid.' in C:\xampp\htdocs\e-class-record\vendor\laravel\framework\src\Illuminate\Encryption\EncryptionServiceProvider.php:29
Stack trace:
#0 C:\xampp\htdocs\e-class-record\vendor\laravel\framework\src\Illuminate\Container\Container.php(733): Illuminate\Encryption\EncryptionServiceProvider->Illuminate\Encryption\{closure}(Object(Illuminate\Foundation\Application), Array)
#1 C:\xampp\htdocs\e-class-record\vendor\laravel\framework\src\Illuminate\Container\Container.php(626): Illuminate\Container\Container->build(Object(Closure), Array)
#2 C:\xampp\htdocs\e-class-record\vendor\laravel\framework\src\Illuminate\Foundation\Application.php(674): Illuminate\Container\Container->make('encrypter', Array)
#3 C:\xampp\htdocs\e-class-record\vendor\laravel\framework\src\Illuminate\Container\Container.php(837): Illuminate\Foundation\Application->make('Illuminate\\Cont...')
#4 C:\xampp\htdocs\e-class-record\vendor\laravel\framework\src\Illuminate\Container\Container.php(800): Illuminate\Container\Container->resolveClass(Object(ReflectionParameter))
#5 C:\xampp\htdocs\e-class-record\vendor\laravel\framework\src\Illuminate\Container\Container.php(771): Illuminate\Container\Container->getDependencies(Array, Array)
#6 C:\xampp\htdocs\e-class-record\vendor\laravel\framework\src\Illuminate\Container\Container.php(626): Illuminate\Container\Container->build('App\\Http\\Middle...', Array)
#7 C:\xampp\htdocs\e-class-record\vendor\laravel\framework\src\Illuminate\Foundation\Application.php(674): Illuminate\Container\Container->make('App\\Http\\Middle...', Array)
#8 C:\xampp\htdocs\e-class-record\vendor\laravel\framework\src\Illuminate\Foundation\Http\Kernel.php(142): Illuminate\Foundation\Application->make('App\\Http\\Middle...')
#9 C:\xampp\htdocs\e-class-record\public\index.php(58): Illuminate\Foundation\Http\Kernel->terminate(Object(Illuminate\Http\Request), Object(Illuminate\Http\Response))
#10 {main}  
[2015-10-03 13:53:03] production.ERROR: exception 'RuntimeException' with message 'No supported encrypter found. The cipher and / or key length are invalid.' in C:\xampp\htdocs\e-class-record\vendor\laravel\framework\src\Illuminate\Encryption\EncryptionServiceProvider.php:29
Stack trace:
#0 C:\xampp\htdocs\e-class-record\vendor\laravel\framework\src\Illuminate\Container\Container.php(733): Illuminate\Encryption\EncryptionServiceProvider->Illuminate\Encryption\{closure}(Object(Illuminate\Foundation\Application), Array)
#1 C:\xampp\htdocs\e-class-record\vendor\laravel\framework\src\Illuminate\Container\Container.php(626): Illuminate\Container\Container->build(Object(Closure), Array)
#2 C:\xampp\htdocs\e-class-record\vendor\laravel\framework\src\Illuminate\Foundation\Application.php(674): Illuminate\Container\Container->make('encrypter', Array)
#3 C:\xampp\htdocs\e-class-record\vendor\laravel\framework\src\Illuminate\Container\Container.php(837): Illuminate\Foundation\Application->make('Illuminate\\Cont...')
#4 C:\xampp\htdocs\e-class-record\vendor\laravel\framework\src\Illuminate\Container\Container.php(800): Illuminate\Container\Container->resolveClass(Object(ReflectionParameter))
#5 C:\xampp\htdocs\e-class-record\vendor\laravel\framework\src\Illuminate\Container\Container.php(771): Illuminate\Container\Container->getDependencies(Array, Array)
#6 C:\xampp\htdocs\e-class-record\vendor\laravel\framework\src\Illuminate\Container\Container.php(626): Illuminate\Container\Container->build('App\\Http\\Middle...', Array)
#7 C:\xampp\htdocs\e-class-record\vendor\laravel\framework\src\Illuminate\Foundation\Application.php(674): Illuminate\Container\Container->make('App\\Http\\Middle...', Array)
#8 C:\xampp\htdocs\e-class-record\vendor\laravel\framework\src\Illuminate\Pipeline\Pipeline.php(123): Illuminate\Foundation\Application->make('App\\Http\\Middle...')
#9 C:\xampp\htdocs\e-class-record\vendor\laravel\framework\src\Illuminate\Foundation\Http\Middleware\CheckForMaintenanceMode.php(42): Illuminate\Pipeline\Pipeline->Illuminate\Pipeline\{closure}(Object(Illuminate\Http\Request))
#10 [internal function]: Illuminate\Foundation\Http\Middleware\CheckForMaintenanceMode->handle(Object(Illuminate\Http\Request), Object(Closure))
#11 C:\xampp\htdocs\e-class-record\vendor\laravel\framework\src\Illuminate\Pipeline\Pipeline.php(124): call_user_func_array(Array, Array)
#12 [internal function]: Illuminate\Pipeline\Pipeline->Illuminate\Pipeline\{closure}(Object(Illuminate\Http\Request))
#13 C:\xampp\htdocs\e-class-record\vendor\laravel\framework\src\Illuminate\Pipeline\Pipeline.php(103): call_user_func(Object(Closure), Object(Illuminate\Http\Request))
#14 C:\xampp\htdocs\e-class-record\vendor\laravel\framework\src\Illuminate\Foundation\Http\Kernel.php(122): Illuminate\Pipeline\Pipeline->then(Object(Closure))
#15 C:\xampp\htdocs\e-class-record\vendor\laravel\framework\src\Illuminate\Foundation\Http\Kernel.php(87): Illuminate\Foundation\Http\Kernel->sendRequestThroughRouter(Object(Illuminate\Http\Request))
#16 C:\xampp\htdocs\e-class-record\public\index.php(54): Illuminate\Foundation\Http\Kernel->handle(Object(Illuminate\Http\Request))
#17 {main}  
[2015-10-03 13:53:03] production.ERROR: exception 'RuntimeException' with message 'No supported encrypter found. The cipher and / or key length are invalid.' in C:\xampp\htdocs\e-class-record\vendor\laravel\framework\src\Illuminate\Encryption\EncryptionServiceProvider.php:29
Stack trace:
#0 C:\xampp\htdocs\e-class-record\vendor\laravel\framework\src\Illuminate\Container\Container.php(733): Illuminate\Encryption\EncryptionServiceProvider->Illuminate\Encryption\{closure}(Object(Illuminate\Foundation\Application), Array)
#1 C:\xampp\htdocs\e-class-record\vendor\laravel\framework\src\Illuminate\Container\Container.php(626): Illuminate\Container\Container->build(Object(Closure), Array)
#2 C:\xampp\htdocs\e-class-record\vendor\laravel\framework\src\Illuminate\Foundation\Application.php(674): Illuminate\Container\Container->make('encrypter', Array)
#3 C:\xampp\htdocs\e-class-record\vendor\laravel\framework\src\Illuminate\Container\Container.php(837): Illuminate\Foundation\Application->make('Illuminate\\Cont...')
#4 C:\xampp\htdocs\e-class-record\vendor\laravel\framework\src\Illuminate\Container\Container.php(800): Illuminate\Container\Container->resolveClass(Object(ReflectionParameter))
#5 C:\xampp\htdocs\e-class-record\vendor\laravel\framework\src\Illuminate\Container\Container.php(771): Illuminate\Container\Container->getDependencies(Array, Array)
#6 C:\xampp\htdocs\e-class-record\vendor\laravel\framework\src\Illuminate\Container\Container.php(626): Illuminate\Container\Container->build('App\\Http\\Middle...', Array)
#7 C:\xampp\htdocs\e-class-record\vendor\laravel\framework\src\Illuminate\Foundation\Application.php(674): Illuminate\Container\Container->make('App\\Http\\Middle...', Array)
#8 C:\xampp\htdocs\e-class-record\vendor\laravel\framework\src\Illuminate\Foundation\Http\Kernel.php(142): Illuminate\Foundation\Application->make('App\\Http\\Middle...')
#9 C:\xampp\htdocs\e-class-record\public\index.php(58): Illuminate\Foundation\Http\Kernel->terminate(Object(Illuminate\Http\Request), Object(Illuminate\Http\Response))
#10 {main}  
[2015-10-03 13:53:33] production.ERROR: exception 'RuntimeException' with message 'No supported encrypter found. The cipher and / or key length are invalid.' in C:\xampp\htdocs\e-class-record\vendor\laravel\framework\src\Illuminate\Encryption\EncryptionServiceProvider.php:29
Stack trace:
#0 C:\xampp\htdocs\e-class-record\vendor\laravel\framework\src\Illuminate\Container\Container.php(733): Illuminate\Encryption\EncryptionServiceProvider->Illuminate\Encryption\{closure}(Object(Illuminate\Foundation\Application), Array)
#1 C:\xampp\htdocs\e-class-record\vendor\laravel\framework\src\Illuminate\Container\Container.php(626): Illuminate\Container\Container->build(Object(Closure), Array)
#2 C:\xampp\htdocs\e-class-record\vendor\laravel\framework\src\Illuminate\Foundation\Application.php(674): Illuminate\Container\Container->make('encrypter', Array)
#3 C:\xampp\htdocs\e-class-record\vendor\laravel\framework\src\Illuminate\Container\Container.php(837): Illuminate\Foundation\Application->make('Illuminate\\Cont...')
#4 C:\xampp\htdocs\e-class-record\vendor\laravel\framework\src\Illuminate\Container\Container.php(800): Illuminate\Container\Container->resolveClass(Object(ReflectionParameter))
#5 C:\xampp\htdocs\e-class-record\vendor\laravel\framework\src\Illuminate\Container\Container.php(771): Illuminate\Container\Container->getDependencies(Array, Array)
#6 C:\xampp\htdocs\e-class-record\vendor\laravel\framework\src\Illuminate\Container\Container.php(626): Illuminate\Container\Container->build('App\\Http\\Middle...', Array)
#7 C:\xampp\htdocs\e-class-record\vendor\laravel\framework\src\Illuminate\Foundation\Application.php(674): Illuminate\Container\Container->make('App\\Http\\Middle...', Array)
#8 C:\xampp\htdocs\e-class-record\vendor\laravel\framework\src\Illuminate\Pipeline\Pipeline.php(123): Illuminate\Foundation\Application->make('App\\Http\\Middle...')
#9 C:\xampp\htdocs\e-class-record\vendor\laravel\framework\src\Illuminate\Foundation\Http\Middleware\CheckForMaintenanceMode.php(42): Illuminate\Pipeline\Pipeline->Illuminate\Pipeline\{closure}(Object(Illuminate\Http\Request))
#10 [internal function]: Illuminate\Foundation\Http\Middleware\CheckForMaintenanceMode->handle(Object(Illuminate\Http\Request), Object(Closure))
#11 C:\xampp\htdocs\e-class-record\vendor\laravel\framework\src\Illuminate\Pipeline\Pipeline.php(124): call_user_func_array(Array, Array)
#12 [internal function]: Illuminate\Pipeline\Pipeline->Illuminate\Pipeline\{closure}(Object(Illuminate\Http\Request))
#13 C:\xampp\htdocs\e-class-record\vendor\laravel\framework\src\Illuminate\Pipeline\Pipeline.php(103): call_user_func(Object(Closure), Object(Illuminate\Http\Request))
#14 C:\xampp\htdocs\e-class-record\vendor\laravel\framework\src\Illuminate\Foundation\Http\Kernel.php(122): Illuminate\Pipeline\Pipeline->then(Object(Closure))
#15 C:\xampp\htdocs\e-class-record\vendor\laravel\framework\src\Illuminate\Foundation\Http\Kernel.php(87): Illuminate\Foundation\Http\Kernel->sendRequestThroughRouter(Object(Illuminate\Http\Request))
#16 C:\xampp\htdocs\e-class-record\public\index.php(54): Illuminate\Foundation\Http\Kernel->handle(Object(Illuminate\Http\Request))
#17 {main}  
[2015-10-03 13:53:33] production.ERROR: exception 'RuntimeException' with message 'No supported encrypter found. The cipher and / or key length are invalid.' in C:\xampp\htdocs\e-class-record\vendor\laravel\framework\src\Illuminate\Encryption\EncryptionServiceProvider.php:29
Stack trace:
#0 C:\xampp\htdocs\e-class-record\vendor\laravel\framework\src\Illuminate\Container\Container.php(733): Illuminate\Encryption\EncryptionServiceProvider->Illuminate\Encryption\{closure}(Object(Illuminate\Foundation\Application), Array)
#1 C:\xampp\htdocs\e-class-record\vendor\laravel\framework\src\Illuminate\Container\Container.php(626): Illuminate\Container\Container->build(Object(Closure), Array)
#2 C:\xampp\htdocs\e-class-record\vendor\laravel\framework\src\Illuminate\Foundation\Application.php(674): Illuminate\Container\Container->make('encrypter', Array)
#3 C:\xampp\htdocs\e-class-record\vendor\laravel\framework\src\Illuminate\Container\Container.php(837): Illuminate\Foundation\Application->make('Illuminate\\Cont...')
#4 C:\xampp\htdocs\e-class-record\vendor\laravel\framework\src\Illuminate\Container\Container.php(800): Illuminate\Container\Container->resolveClass(Object(ReflectionParameter))
#5 C:\xampp\htdocs\e-class-record\vendor\laravel\framework\src\Illuminate\Container\Container.php(771): Illuminate\Container\Container->getDependencies(Array, Array)
#6 C:\xampp\htdocs\e-class-record\vendor\laravel\framework\src\Illuminate\Container\Container.php(626): Illuminate\Container\Container->build('App\\Http\\Middle...', Array)
#7 C:\xampp\htdocs\e-class-record\vendor\laravel\framework\src\Illuminate\Foundation\Application.php(674): Illuminate\Container\Container->make('App\\Http\\Middle...', Array)
#8 C:\xampp\htdocs\e-class-record\vendor\laravel\framework\src\Illuminate\Foundation\Http\Kernel.php(142): Illuminate\Foundation\Application->make('App\\Http\\Middle...')
#9 C:\xampp\htdocs\e-class-record\public\index.php(58): Illuminate\Foundation\Http\Kernel->terminate(Object(Illuminate\Http\Request), Object(Illuminate\Http\Response))
#10 {main}  
[2015-10-03 13:53:44] production.ERROR: exception 'RuntimeException' with message 'No supported encrypter found. The cipher and / or key length are invalid.' in C:\xampp\htdocs\e-class-record\vendor\laravel\framework\src\Illuminate\Encryption\EncryptionServiceProvider.php:29
Stack trace:
#0 C:\xampp\htdocs\e-class-record\vendor\laravel\framework\src\Illuminate\Container\Container.php(733): Illuminate\Encryption\EncryptionServiceProvider->Illuminate\Encryption\{closure}(Object(Illuminate\Foundation\Application), Array)
#1 C:\xampp\htdocs\e-class-record\vendor\laravel\framework\src\Illuminate\Container\Container.php(626): Illuminate\Container\Container->build(Object(Closure), Array)
#2 C:\xampp\htdocs\e-class-record\vendor\laravel\framework\src\Illuminate\Foundation\Application.php(674): Illuminate\Container\Container->make('encrypter', Array)
#3 C:\xampp\htdocs\e-class-record\vendor\laravel\framework\src\Illuminate\Container\Container.php(837): Illuminate\Foundation\Application->make('Illuminate\\Cont...')
#4 C:\xampp\htdocs\e-class-record\vendor\laravel\framework\src\Illuminate\Container\Container.php(800): Illuminate\Container\Container->resolveClass(Object(ReflectionParameter))
#5 C:\xampp\htdocs\e-class-record\vendor\laravel\framework\src\Illuminate\Container\Container.php(771): Illuminate\Container\Container->getDependencies(Array, Array)
#6 C:\xampp\htdocs\e-class-record\vendor\laravel\framework\src\Illuminate\Container\Container.php(626): Illuminate\Container\Container->build('App\\Http\\Middle...', Array)
#7 C:\xampp\htdocs\e-class-record\vendor\laravel\framework\src\Illuminate\Foundation\Application.php(674): Illuminate\Container\Container->make('App\\Http\\Middle...', Array)
#8 C:\xampp\htdocs\e-class-record\vendor\laravel\framework\src\Illuminate\Pipeline\Pipeline.php(123): Illuminate\Foundation\Application->make('App\\Http\\Middle...')
#9 C:\xampp\htdocs\e-class-record\vendor\laravel\framework\src\Illuminate\Foundation\Http\Middleware\CheckForMaintenanceMode.php(42): Illuminate\Pipeline\Pipeline->Illuminate\Pipeline\{closure}(Object(Illuminate\Http\Request))
#10 [internal function]: Illuminate\Foundation\Http\Middleware\CheckForMaintenanceMode->handle(Object(Illuminate\Http\Request), Object(Closure))
#11 C:\xampp\htdocs\e-class-record\vendor\laravel\framework\src\Illuminate\Pipeline\Pipeline.php(124): call_user_func_array(Array, Array)
#12 [internal function]: Illuminate\Pipeline\Pipeline->Illuminate\Pipeline\{closure}(Object(Illuminate\Http\Request))
#13 C:\xampp\htdocs\e-class-record\vendor\laravel\framework\src\Illuminate\Pipeline\Pipeline.php(103): call_user_func(Object(Closure), Object(Illuminate\Http\Request))
#14 C:\xampp\htdocs\e-class-record\vendor\laravel\framework\src\Illuminate\Foundation\Http\Kernel.php(122): Illuminate\Pipeline\Pipeline->then(Object(Closure))
#15 C:\xampp\htdocs\e-class-record\vendor\laravel\framework\src\Illuminate\Foundation\Http\Kernel.php(87): Illuminate\Foundation\Http\Kernel->sendRequestThroughRouter(Object(Illuminate\Http\Request))
#16 C:\xampp\htdocs\e-class-record\public\index.php(54): Illuminate\Foundation\Http\Kernel->handle(Object(Illuminate\Http\Request))
#17 {main}  
[2015-10-03 13:53:44] production.ERROR: exception 'RuntimeException' with message 'No supported encrypter found. The cipher and / or key length are invalid.' in C:\xampp\htdocs\e-class-record\vendor\laravel\framework\src\Illuminate\Encryption\EncryptionServiceProvider.php:29
Stack trace:
#0 C:\xampp\htdocs\e-class-record\vendor\laravel\framework\src\Illuminate\Container\Container.php(733): Illuminate\Encryption\EncryptionServiceProvider->Illuminate\Encryption\{closure}(Object(Illuminate\Foundation\Application), Array)
#1 C:\xampp\htdocs\e-class-record\vendor\laravel\framework\src\Illuminate\Container\Container.php(626): Illuminate\Container\Container->build(Object(Closure), Array)
#2 C:\xampp\htdocs\e-class-record\vendor\laravel\framework\src\Illuminate\Foundation\Application.php(674): Illuminate\Container\Container->make('encrypter', Array)
#3 C:\xampp\htdocs\e-class-record\vendor\laravel\framework\src\Illuminate\Container\Container.php(837): Illuminate\Foundation\Application->make('Illuminate\\Cont...')
#4 C:\xampp\htdocs\e-class-record\vendor\laravel\framework\src\Illuminate\Container\Container.php(800): Illuminate\Container\Container->resolveClass(Object(ReflectionParameter))
#5 C:\xampp\htdocs\e-class-record\vendor\laravel\framework\src\Illuminate\Container\Container.php(771): Illuminate\Container\Container->getDependencies(Array, Array)
#6 C:\xampp\htdocs\e-class-record\vendor\laravel\framework\src\Illuminate\Container\Container.php(626): Illuminate\Container\Container->build('App\\Http\\Middle...', Array)
#7 C:\xampp\htdocs\e-class-record\vendor\laravel\framework\src\Illuminate\Foundation\Application.php(674): Illuminate\Container\Container->make('App\\Http\\Middle...', Array)
#8 C:\xampp\htdocs\e-class-record\vendor\laravel\framework\src\Illuminate\Foundation\Http\Kernel.php(142): Illuminate\Foundation\Application->make('App\\Http\\Middle...')
#9 C:\xampp\htdocs\e-class-record\public\index.php(58): Illuminate\Foundation\Http\Kernel->terminate(Object(Illuminate\Http\Request), Object(Illuminate\Http\Response))
#10 {main}  
[2015-10-03 13:53:47] production.ERROR: exception 'RuntimeException' with message 'No supported encrypter found. The cipher and / or key length are invalid.' in C:\xampp\htdocs\e-class-record\vendor\laravel\framework\src\Illuminate\Encryption\EncryptionServiceProvider.php:29
Stack trace:
#0 C:\xampp\htdocs\e-class-record\vendor\laravel\framework\src\Illuminate\Container\Container.php(733): Illuminate\Encryption\EncryptionServiceProvider->Illuminate\Encryption\{closure}(Object(Illuminate\Foundation\Application), Array)
#1 C:\xampp\htdocs\e-class-record\vendor\laravel\framework\src\Illuminate\Container\Container.php(626): Illuminate\Container\Container->build(Object(Closure), Array)
#2 C:\xampp\htdocs\e-class-record\vendor\laravel\framework\src\Illuminate\Foundation\Application.php(674): Illuminate\Container\Container->make('encrypter', Array)
#3 C:\xampp\htdocs\e-class-record\vendor\laravel\framework\src\Illuminate\Container\Container.php(837): Illuminate\Foundation\Application->make('Illuminate\\Cont...')
#4 C:\xampp\htdocs\e-class-record\vendor\laravel\framework\src\Illuminate\Container\Container.php(800): Illuminate\Container\Container->resolveClass(Object(ReflectionParameter))
#5 C:\xampp\htdocs\e-class-record\vendor\laravel\framework\src\Illuminate\Container\Container.php(771): Illuminate\Container\Container->getDependencies(Array, Array)
#6 C:\xampp\htdocs\e-class-record\vendor\laravel\framework\src\Illuminate\Container\Container.php(626): Illuminate\Container\Container->build('App\\Http\\Middle...', Array)
#7 C:\xampp\htdocs\e-class-record\vendor\laravel\framework\src\Illuminate\Foundation\Application.php(674): Illuminate\Container\Container->make('App\\Http\\Middle...', Array)
#8 C:\xampp\htdocs\e-class-record\vendor\laravel\framework\src\Illuminate\Pipeline\Pipeline.php(123): Illuminate\Foundation\Application->make('App\\Http\\Middle...')
#9 C:\xampp\htdocs\e-class-record\vendor\laravel\framework\src\Illuminate\Foundation\Http\Middleware\CheckForMaintenanceMode.php(42): Illuminate\Pipeline\Pipeline->Illuminate\Pipeline\{closure}(Object(Illuminate\Http\Request))
#10 [internal function]: Illuminate\Foundation\Http\Middleware\CheckForMaintenanceMode->handle(Object(Illuminate\Http\Request), Object(Closure))
#11 C:\xampp\htdocs\e-class-record\vendor\laravel\framework\src\Illuminate\Pipeline\Pipeline.php(124): call_user_func_array(Array, Array)
#12 [internal function]: Illuminate\Pipeline\Pipeline->Illuminate\Pipeline\{closure}(Object(Illuminate\Http\Request))
#13 C:\xampp\htdocs\e-class-record\vendor\laravel\framework\src\Illuminate\Pipeline\Pipeline.php(103): call_user_func(Object(Closure), Object(Illuminate\Http\Request))
#14 C:\xampp\htdocs\e-class-record\vendor\laravel\framework\src\Illuminate\Foundation\Http\Kernel.php(122): Illuminate\Pipeline\Pipeline->then(Object(Closure))
#15 C:\xampp\htdocs\e-class-record\vendor\laravel\framework\src\Illuminate\Foundation\Http\Kernel.php(87): Illuminate\Foundation\Http\Kernel->sendRequestThroughRouter(Object(Illuminate\Http\Request))
#16 C:\xampp\htdocs\e-class-record\public\index.php(54): Illuminate\Foundation\Http\Kernel->handle(Object(Illuminate\Http\Request))
#17 {main}  
[2015-10-03 13:53:48] production.ERROR: exception 'RuntimeException' with message 'No supported encrypter found. The cipher and / or key length are invalid.' in C:\xampp\htdocs\e-class-record\vendor\laravel\framework\src\Illuminate\Encryption\EncryptionServiceProvider.php:29
Stack trace:
#0 C:\xampp\htdocs\e-class-record\vendor\laravel\framework\src\Illuminate\Container\Container.php(733): Illuminate\Encryption\EncryptionServiceProvider->Illuminate\Encryption\{closure}(Object(Illuminate\Foundation\Application), Array)
#1 C:\xampp\htdocs\e-class-record\vendor\laravel\framework\src\Illuminate\Container\Container.php(626): Illuminate\Container\Container->build(Object(Closure), Array)
#2 C:\xampp\htdocs\e-class-record\vendor\laravel\framework\src\Illuminate\Foundation\Application.php(674): Illuminate\Container\Container->make('encrypter', Array)
#3 C:\xampp\htdocs\e-class-record\vendor\laravel\framework\src\Illuminate\Container\Container.php(837): Illuminate\Foundation\Application->make('Illuminate\\Cont...')
#4 C:\xampp\htdocs\e-class-record\vendor\laravel\framework\src\Illuminate\Container\Container.php(800): Illuminate\Container\Container->resolveClass(Object(ReflectionParameter))
#5 C:\xampp\htdocs\e-class-record\vendor\laravel\framework\src\Illuminate\Container\Container.php(771): Illuminate\Container\Container->getDependencies(Array, Array)
#6 C:\xampp\htdocs\e-class-record\vendor\laravel\framework\src\Illuminate\Container\Container.php(626): Illuminate\Container\Container->build('App\\Http\\Middle...', Array)
#7 C:\xampp\htdocs\e-class-record\vendor\laravel\framework\src\Illuminate\Foundation\Application.php(674): Illuminate\Container\Container->make('App\\Http\\Middle...', Array)
#8 C:\xampp\htdocs\e-class-record\vendor\laravel\framework\src\Illuminate\Foundation\Http\Kernel.php(142): Illuminate\Foundation\Application->make('App\\Http\\Middle...')
#9 C:\xampp\htdocs\e-class-record\public\index.php(58): Illuminate\Foundation\Http\Kernel->terminate(Object(Illuminate\Http\Request), Object(Illuminate\Http\Response))
#10 {main}  
[2015-10-03 13:53:54] production.ERROR: exception 'RuntimeException' with message 'No supported encrypter found. The cipher and / or key length are invalid.' in C:\xampp\htdocs\e-class-record\vendor\laravel\framework\src\Illuminate\Encryption\EncryptionServiceProvider.php:29
Stack trace:
#0 C:\xampp\htdocs\e-class-record\vendor\laravel\framework\src\Illuminate\Container\Container.php(733): Illuminate\Encryption\EncryptionServiceProvider->Illuminate\Encryption\{closure}(Object(Illuminate\Foundation\Application), Array)
#1 C:\xampp\htdocs\e-class-record\vendor\laravel\framework\src\Illuminate\Container\Container.php(626): Illuminate\Container\Container->build(Object(Closure), Array)
#2 C:\xampp\htdocs\e-class-record\vendor\laravel\framework\src\Illuminate\Foundation\Application.php(674): Illuminate\Container\Container->make('encrypter', Array)
#3 C:\xampp\htdocs\e-class-record\vendor\laravel\framework\src\Illuminate\Container\Container.php(837): Illuminate\Foundation\Application->make('Illuminate\\Cont...')
#4 C:\xampp\htdocs\e-class-record\vendor\laravel\framework\src\Illuminate\Container\Container.php(800): Illuminate\Container\Container->resolveClass(Object(ReflectionParameter))
#5 C:\xampp\htdocs\e-class-record\vendor\laravel\framework\src\Illuminate\Container\Container.php(771): Illuminate\Container\Container->getDependencies(Array, Array)
#6 C:\xampp\htdocs\e-class-record\vendor\laravel\framework\src\Illuminate\Container\Container.php(626): Illuminate\Container\Container->build('App\\Http\\Middle...', Array)
#7 C:\xampp\htdocs\e-class-record\vendor\laravel\framework\src\Illuminate\Foundation\Application.php(674): Illuminate\Container\Container->make('App\\Http\\Middle...', Array)
#8 C:\xampp\htdocs\e-class-record\vendor\laravel\framework\src\Illuminate\Pipeline\Pipeline.php(123): Illuminate\Foundation\Application->make('App\\Http\\Middle...')
#9 C:\xampp\htdocs\e-class-record\vendor\laravel\framework\src\Illuminate\Foundation\Http\Middleware\CheckForMaintenanceMode.php(42): Illuminate\Pipeline\Pipeline->Illuminate\Pipeline\{closure}(Object(Illuminate\Http\Request))
#10 [internal function]: Illuminate\Foundation\Http\Middleware\CheckForMaintenanceMode->handle(Object(Illuminate\Http\Request), Object(Closure))
#11 C:\xampp\htdocs\e-class-record\vendor\laravel\framework\src\Illuminate\Pipeline\Pipeline.php(124): call_user_func_array(Array, Array)
#12 [internal function]: Illuminate\Pipeline\Pipeline->Illuminate\Pipeline\{closure}(Object(Illuminate\Http\Request))
#13 C:\xampp\htdocs\e-class-record\vendor\laravel\framework\src\Illuminate\Pipeline\Pipeline.php(103): call_user_func(Object(Closure), Object(Illuminate\Http\Request))
#14 C:\xampp\htdocs\e-class-record\vendor\laravel\framework\src\Illuminate\Foundation\Http\Kernel.php(122): Illuminate\Pipeline\Pipeline->then(Object(Closure))
#15 C:\xampp\htdocs\e-class-record\vendor\laravel\framework\src\Illuminate\Foundation\Http\Kernel.php(87): Illuminate\Foundation\Http\Kernel->sendRequestThroughRouter(Object(Illuminate\Http\Request))
#16 C:\xampp\htdocs\e-class-record\public\index.php(54): Illuminate\Foundation\Http\Kernel->handle(Object(Illuminate\Http\Request))
#17 {main}  
[2015-10-03 13:53:54] production.ERROR: exception 'RuntimeException' with message 'No supported encrypter found. The cipher and / or key length are invalid.' in C:\xampp\htdocs\e-class-record\vendor\laravel\framework\src\Illuminate\Encryption\EncryptionServiceProvider.php:29
Stack trace:
#0 C:\xampp\htdocs\e-class-record\vendor\laravel\framework\src\Illuminate\Container\Container.php(733): Illuminate\Encryption\EncryptionServiceProvider->Illuminate\Encryption\{closure}(Object(Illuminate\Foundation\Application), Array)
#1 C:\xampp\htdocs\e-class-record\vendor\laravel\framework\src\Illuminate\Container\Container.php(626): Illuminate\Container\Container->build(Object(Closure), Array)
#2 C:\xampp\htdocs\e-class-record\vendor\laravel\framework\src\Illuminate\Foundation\Application.php(674): Illuminate\Container\Container->make('encrypter', Array)
#3 C:\xampp\htdocs\e-class-record\vendor\laravel\framework\src\Illuminate\Container\Container.php(837): Illuminate\Foundation\Application->make('Illuminate\\Cont...')
#4 C:\xampp\htdocs\e-class-record\vendor\laravel\framework\src\Illuminate\Container\Container.php(800): Illuminate\Container\Container->resolveClass(Object(ReflectionParameter))
#5 C:\xampp\htdocs\e-class-record\vendor\laravel\framework\src\Illuminate\Container\Container.php(771): Illuminate\Container\Container->getDependencies(Array, Array)
#6 C:\xampp\htdocs\e-class-record\vendor\laravel\framework\src\Illuminate\Container\Container.php(626): Illuminate\Container\Container->build('App\\Http\\Middle...', Array)
#7 C:\xampp\htdocs\e-class-record\vendor\laravel\framework\src\Illuminate\Foundation\Application.php(674): Illuminate\Container\Container->make('App\\Http\\Middle...', Array)
#8 C:\xampp\htdocs\e-class-record\vendor\laravel\framework\src\Illuminate\Foundation\Http\Kernel.php(142): Illuminate\Foundation\Application->make('App\\Http\\Middle...')
#9 C:\xampp\htdocs\e-class-record\public\index.php(58): Illuminate\Foundation\Http\Kernel->terminate(Object(Illuminate\Http\Request), Object(Illuminate\Http\Response))
#10 {main}  
[2015-10-03 13:54:23] production.ERROR: exception 'RuntimeException' with message 'No supported encrypter found. The cipher and / or key length are invalid.' in C:\xampp\htdocs\e-class-record\vendor\laravel\framework\src\Illuminate\Encryption\EncryptionServiceProvider.php:29
Stack trace:
#0 C:\xampp\htdocs\e-class-record\vendor\laravel\framework\src\Illuminate\Container\Container.php(733): Illuminate\Encryption\EncryptionServiceProvider->Illuminate\Encryption\{closure}(Object(Illuminate\Foundation\Application), Array)
#1 C:\xampp\htdocs\e-class-record\vendor\laravel\framework\src\Illuminate\Container\Container.php(626): Illuminate\Container\Container->build(Object(Closure), Array)
#2 C:\xampp\htdocs\e-class-record\vendor\laravel\framework\src\Illuminate\Foundation\Application.php(674): Illuminate\Container\Container->make('encrypter', Array)
#3 C:\xampp\htdocs\e-class-record\vendor\laravel\framework\src\Illuminate\Container\Container.php(837): Illuminate\Foundation\Application->make('Illuminate\\Cont...')
#4 C:\xampp\htdocs\e-class-record\vendor\laravel\framework\src\Illuminate\Container\Container.php(800): Illuminate\Container\Container->resolveClass(Object(ReflectionParameter))
#5 C:\xampp\htdocs\e-class-record\vendor\laravel\framework\src\Illuminate\Container\Container.php(771): Illuminate\Container\Container->getDependencies(Array, Array)
#6 C:\xampp\htdocs\e-class-record\vendor\laravel\framework\src\Illuminate\Container\Container.php(626): Illuminate\Container\Container->build('App\\Http\\Middle...', Array)
#7 C:\xampp\htdocs\e-class-record\vendor\laravel\framework\src\Illuminate\Foundation\Application.php(674): Illuminate\Container\Container->make('App\\Http\\Middle...', Array)
#8 C:\xampp\htdocs\e-class-record\vendor\laravel\framework\src\Illuminate\Pipeline\Pipeline.php(123): Illuminate\Foundation\Application->make('App\\Http\\Middle...')
#9 C:\xampp\htdocs\e-class-record\vendor\laravel\framework\src\Illuminate\Foundation\Http\Middleware\CheckForMaintenanceMode.php(42): Illuminate\Pipeline\Pipeline->Illuminate\Pipeline\{closure}(Object(Illuminate\Http\Request))
#10 [internal function]: Illuminate\Foundation\Http\Middleware\CheckForMaintenanceMode->handle(Object(Illuminate\Http\Request), Object(Closure))
#11 C:\xampp\htdocs\e-class-record\vendor\laravel\framework\src\Illuminate\Pipeline\Pipeline.php(124): call_user_func_array(Array, Array)
#12 [internal function]: Illuminate\Pipeline\Pipeline->Illuminate\Pipeline\{closure}(Object(Illuminate\Http\Request))
#13 C:\xampp\htdocs\e-class-record\vendor\laravel\framework\src\Illuminate\Pipeline\Pipeline.php(103): call_user_func(Object(Closure), Object(Illuminate\Http\Request))
#14 C:\xampp\htdocs\e-class-record\vendor\laravel\framework\src\Illuminate\Foundation\Http\Kernel.php(122): Illuminate\Pipeline\Pipeline->then(Object(Closure))
#15 C:\xampp\htdocs\e-class-record\vendor\laravel\framework\src\Illuminate\Foundation\Http\Kernel.php(87): Illuminate\Foundation\Http\Kernel->sendRequestThroughRouter(Object(Illuminate\Http\Request))
#16 C:\xampp\htdocs\e-class-record\public\index.php(54): Illuminate\Foundation\Http\Kernel->handle(Object(Illuminate\Http\Request))
#17 {main}  
[2015-10-03 13:54:23] production.ERROR: exception 'RuntimeException' with message 'No supported encrypter found. The cipher and / or key length are invalid.' in C:\xampp\htdocs\e-class-record\vendor\laravel\framework\src\Illuminate\Encryption\EncryptionServiceProvider.php:29
Stack trace:
#0 C:\xampp\htdocs\e-class-record\vendor\laravel\framework\src\Illuminate\Container\Container.php(733): Illuminate\Encryption\EncryptionServiceProvider->Illuminate\Encryption\{closure}(Object(Illuminate\Foundation\Application), Array)
#1 C:\xampp\htdocs\e-class-record\vendor\laravel\framework\src\Illuminate\Container\Container.php(626): Illuminate\Container\Container->build(Object(Closure), Array)
#2 C:\xampp\htdocs\e-class-record\vendor\laravel\framework\src\Illuminate\Foundation\Application.php(674): Illuminate\Container\Container->make('encrypter', Array)
#3 C:\xampp\htdocs\e-class-record\vendor\laravel\framework\src\Illuminate\Container\Container.php(837): Illuminate\Foundation\Application->make('Illuminate\\Cont...')
#4 C:\xampp\htdocs\e-class-record\vendor\laravel\framework\src\Illuminate\Container\Container.php(800): Illuminate\Container\Container->resolveClass(Object(ReflectionParameter))
#5 C:\xampp\htdocs\e-class-record\vendor\laravel\framework\src\Illuminate\Container\Container.php(771): Illuminate\Container\Container->getDependencies(Array, Array)
#6 C:\xampp\htdocs\e-class-record\vendor\laravel\framework\src\Illuminate\Container\Container.php(626): Illuminate\Container\Container->build('App\\Http\\Middle...', Array)
#7 C:\xampp\htdocs\e-class-record\vendor\laravel\framework\src\Illuminate\Foundation\Application.php(674): Illuminate\Container\Container->make('App\\Http\\Middle...', Array)
#8 C:\xampp\htdocs\e-class-record\vendor\laravel\framework\src\Illuminate\Foundation\Http\Kernel.php(142): Illuminate\Foundation\Application->make('App\\Http\\Middle...')
#9 C:\xampp\htdocs\e-class-record\public\index.php(58): Illuminate\Foundation\Http\Kernel->terminate(Object(Illuminate\Http\Request), Object(Illuminate\Http\Response))
#10 {main}  
